2020-06-25 13:07:10,324 Prn:Scrapping....
2020-06-25 13:07:16,981 Reading txt tile
2020-06-25 13:07:17,030 Prn:Iterating Article
2020-06-25 13:07:17,174 03:35 ET
2020-06-25 13:07:17,175 Prn:Found Article
2020-06-25 13:07:17,197 Found value last run
2020-06-25 13:07:17,292 03:00 ET
2020-06-25 13:07:17,292 Prn:Found Article
2020-06-25 13:07:17,383 03:35 ET
2020-06-25 13:07:17,383 Prn:Found Article 2
2020-06-25 13:07:17,400 Prn:Article filtered
2020-06-25 13:07:21,116 Prn:Searching for Keyword
2020-06-25 13:07:21,117 Exception
2020-06-25 13:07:21,117 name 'x' is not defined
2020-06-25 13:07:21,117 Prn:Scrapping....
2020-06-25 13:07:22,387 Exception
2020-06-25 13:07:22,388 'datetime.time' object has no attribute 'time'
2020-06-25 13:07:22,388 Prn:Scrapping....
2020-06-25 13:07:23,589 Exception
2020-06-25 13:07:23,589 'datetime.time' object has no attribute 'time'
2020-06-25 13:08:12,759 Prn:Scrapping....
2020-06-25 13:08:17,319 Reading txt tile
2020-06-25 13:08:17,377 Prn:Iterating Article
2020-06-25 13:08:17,531 03:35 ET
2020-06-25 13:08:17,531 Prn:Found Article
2020-06-25 13:08:17,548 Found value last run
2020-06-25 13:08:17,647 03:00 ET
2020-06-25 13:08:17,648 Prn:Found Article
2020-06-25 13:08:17,745 03:35 ET
2020-06-25 13:08:17,745 Prn:Found Article 2
2020-06-25 13:08:17,759 Found value last run
2020-06-25 13:08:17,856 03:00 ET
2020-06-25 13:08:17,856 Prn:Found Article 2
2020-06-25 13:08:17,856 Prn:Run Complete
2020-06-25 13:08:21,612 Prn:Scrapping....
2020-06-25 13:08:28,486 Reading txt tile
2020-06-25 13:08:28,539 Prn:Iterating Article
2020-06-25 13:08:28,686 03:35 ET
2020-06-25 13:08:28,686 Prn:Found Article
2020-06-25 13:08:28,705 Found value last run
2020-06-25 13:08:28,805 03:00 ET
2020-06-25 13:08:28,806 Prn:Found Article
2020-06-25 13:08:28,904 03:35 ET
2020-06-25 13:08:28,904 Prn:Found Article 2
2020-06-25 13:08:28,919 Found value last run
2020-06-25 13:08:29,011 03:00 ET
2020-06-25 13:08:29,011 Prn:Found Article 2
2020-06-25 13:08:29,011 Prn:Run Complete
2020-06-25 15:33:43,110 Prn:Scrapping....
2020-06-25 15:33:51,108 Reading txt tile
2020-06-25 15:33:51,172 Prn:Iterating Article
2020-06-25 15:33:51,333 06:00 ET
2020-06-25 15:33:51,334 Prn:Found Article
2020-06-25 15:33:51,352 Prn:Article filtered
2020-06-25 15:33:56,479 Prn:Searching for Keyword
2020-06-25 15:33:56,573 06:00 ET
2020-06-25 15:33:56,574 Prn:Found Article
2020-06-25 15:33:56,586 Prn:Article filtered
2020-06-25 15:34:00,689 Prn:Searching for Keyword
2020-06-25 15:34:00,790 06:00 ET
2020-06-25 15:34:00,791 Prn:Found Article
2020-06-25 15:34:00,809 Prn:Article filtered
2020-06-25 15:34:05,080 Prn:Searching for Keyword
2020-06-25 15:34:05,268 06:00 ET
2020-06-25 15:34:05,268 Prn:Found Article
2020-06-25 15:34:05,290 Prn:Article filtered
2020-06-25 15:34:09,955 Prn:Searching for Keyword
2020-06-25 15:34:10,108 06:00 ET
2020-06-25 15:34:10,109 Prn:Found Article
2020-06-25 15:34:10,136 Prn:Article filtered
2020-06-25 15:34:15,337 Prn:Searching for Keyword
2020-06-25 15:34:15,443 06:00 ET
2020-06-25 15:34:15,444 Prn:Found Article
2020-06-25 15:34:15,462 Prn:Article filtered
2020-06-25 15:34:19,306 Prn:Searching for Keyword
2020-06-25 15:34:19,399 06:00 ET
2020-06-25 15:34:19,399 Prn:Found Article
2020-06-25 15:34:19,416 Prn:Article filtered
2020-06-25 15:34:22,981 Prn:Searching for Keyword
2020-06-25 15:34:23,080 06:00 ET
2020-06-25 15:34:23,080 Prn:Found Article
2020-06-25 15:34:23,101 Prn:Article filtered
2020-06-25 15:34:26,947 Prn:Searching for Keyword
2020-06-25 15:34:27,049 06:00 ET
2020-06-25 15:34:27,049 Prn:Found Article
2020-06-25 15:34:27,065 Prn:Article filtered
2020-06-25 15:34:30,847 Prn:Searching for Keyword
2020-06-25 15:34:30,943 06:00 ET
2020-06-25 15:34:30,943 Prn:Found Article
2020-06-25 15:34:30,960 Prn:Article filtered
2020-06-25 15:34:34,479 Prn:Searching for Keyword
2020-06-25 15:34:34,571 06:00 ET
2020-06-25 15:34:34,571 Prn:Found Article
2020-06-25 15:34:34,590 Prn:Article filtered
2020-06-25 15:34:38,021 Prn:Searching for Keyword
2020-06-25 15:34:38,181 06:00 ET
2020-06-25 15:34:38,181 Prn:Found Article
2020-06-25 15:34:38,201 Prn:Article filtered
2020-06-25 15:34:40,763 Prn:Searching for Keyword
2020-06-25 15:34:40,856 06:00 ET
2020-06-25 15:34:40,856 Prn:Found Article
2020-06-25 15:34:40,871 Prn:Article filtered
2020-06-25 15:34:43,378 Prn:Searching for Keyword
2020-06-25 15:34:43,475 06:00 ET
2020-06-25 15:34:43,475 Prn:Found Article
2020-06-25 15:34:43,488 Prn:Article filtered
2020-06-25 15:34:48,057 Prn:Searching for Keyword
2020-06-25 15:34:48,156 06:00 ET
2020-06-25 15:34:48,156 Prn:Found Article
2020-06-25 15:34:48,175 Prn:Article filtered
2020-06-25 15:34:52,678 Prn:Searching for Keyword
2020-06-25 15:34:52,784 06:00 ET
2020-06-25 15:34:52,785 Prn:Found Article
2020-06-25 15:34:52,799 Prn:Article filtered
2020-06-25 15:34:57,167 Prn:Searching for Keyword
2020-06-25 15:34:57,260 05:53 ET
2020-06-25 15:34:57,260 Prn:Found Article
2020-06-25 15:34:57,279 Prn:Article filtered
2020-06-25 15:34:59,480 Prn:Searching for Keyword
2020-06-25 15:34:59,581 05:17 ET
2020-06-25 15:34:59,581 Prn:Found Article
2020-06-25 15:34:59,679 06:00 ET
2020-06-25 15:34:59,679 Prn:Found Article 2
2020-06-25 15:34:59,698 Prn:Article filtered
2020-06-25 15:35:03,177 Prn:Searching for Keyword
2020-06-25 15:35:03,281 06:00 ET
2020-06-25 15:35:03,282 Prn:Found Article 2
2020-06-25 15:35:03,296 Prn:Article filtered
2020-06-25 15:35:06,023 Prn:Searching for Keyword
2020-06-25 15:35:06,114 06:00 ET
2020-06-25 15:35:06,114 Prn:Found Article 2
2020-06-25 15:35:06,130 Prn:Article filtered
2020-06-25 15:35:09,410 Prn:Searching for Keyword
2020-06-25 15:35:09,510 06:00 ET
2020-06-25 15:35:09,510 Prn:Found Article 2
2020-06-25 15:35:09,526 Prn:Article filtered
2020-06-25 15:35:12,587 Prn:Searching for Keyword
2020-06-25 15:35:12,712 06:00 ET
2020-06-25 15:35:12,712 Prn:Found Article 2
2020-06-25 15:35:12,737 Prn:Article filtered
2020-06-25 15:35:15,852 Prn:Searching for Keyword
2020-06-25 15:35:15,959 06:00 ET
2020-06-25 15:35:15,960 Prn:Found Article 2
2020-06-25 15:35:15,977 Prn:Article filtered
2020-06-25 15:35:19,501 Prn:Searching for Keyword
2020-06-25 15:35:19,647 06:00 ET
2020-06-25 15:35:19,647 Prn:Found Article 2
2020-06-25 15:35:19,677 Prn:Article filtered
2020-06-25 15:35:30,919 Prn:Searching for Keyword
2020-06-25 15:35:31,054 06:00 ET
2020-06-25 15:35:31,055 Prn:Found Article 2
2020-06-25 15:35:31,080 Prn:Article filtered
2020-06-25 15:35:36,373 Prn:Searching for Keyword
2020-06-25 15:35:36,517 06:00 ET
2020-06-25 15:35:36,517 Prn:Found Article 2
2020-06-25 15:35:36,541 Prn:Article filtered
2020-06-25 15:35:40,826 Prn:Searching for Keyword
2020-06-25 15:35:40,939 05:14 ET
2020-06-25 15:35:40,939 Prn:Found Article 2
2020-06-25 15:35:40,939 Prn:Run Complete
2020-06-25 16:26:16,867 Prn:Scrapping....
2020-06-25 16:26:23,565 Reading txt tile
2020-06-25 16:26:23,625 Prn:Iterating Article
2020-06-25 16:26:23,773 06:45 ET
2020-06-25 16:26:23,773 Prn:Found Article
2020-06-25 16:26:23,791 Prn:Article filtered
2020-06-25 16:26:28,341 Prn:Searching for Keyword
2020-06-25 16:26:28,455 06:42 ET
2020-06-25 16:26:28,455 Prn:Found Article
2020-06-25 16:26:28,472 Prn:Article filtered
2020-06-25 16:26:31,355 Prn:Searching for Keyword
2020-06-25 16:26:31,451 06:30 ET
2020-06-25 16:26:31,451 Prn:Found Article
2020-06-25 16:26:31,550 06:30 ET
2020-06-25 16:26:31,550 Prn:Found Article 2
2020-06-25 16:26:31,550 Prn:Run Complete
2020-06-25 16:26:51,299 Prn:Scrapping....
2020-06-25 16:35:33,118 Buss:Scrapping...
2020-06-25 16:35:45,266 Buss:Iterating 3pages
2020-06-25 16:35:45,267 Buss:Reading txt tile
2020-06-25 16:35:45,267 1
2020-06-25 16:35:45,789 Buss:Iterating Article
2020-06-25 16:35:45,790 Buss:Iterating...
2020-06-25 16:35:46,193 news_date
2020-06-25 16:35:46,193 2020-06-25 07:00:00
2020-06-25 16:35:46,330 COVID-19: Significant Shift in Strategy of Global Hyper Converged Infrastructure Market 2020-2024 | Enhanced Data Protection to Boost Market Growth | Technavio
2020-06-25 16:35:46,330 Buss:No More Articles
2020-06-25 16:35:46,754 Executing finally bllock
2020-06-25 16:36:11,953 Buss:Scrapping...
2020-06-25 16:36:21,269 Buss:Iterating 3pages
2020-06-25 16:36:21,269 Buss:Reading txt tile
2020-06-25 16:36:21,270 1
2020-06-25 16:36:21,702 Buss:Iterating Article
2020-06-25 16:36:21,702 Buss:Iterating...
2020-06-25 16:36:22,049 news_date
2020-06-25 16:36:22,049 2020-06-25 07:05:00
2020-06-25 16:36:22,142 SRAX Raises $13 Million to Fund Rapid Growth of Sequire
2020-06-25 16:36:22,142 checking for value in last run
2020-06-25 16:36:22,193 Buss:Found Article
2020-06-25 16:36:36,307 Buss:Searching keyword
2020-06-25 16:36:36,339 Buss:Iterating...
2020-06-25 16:36:37,599 news_date
2020-06-25 16:36:37,628 2020-06-25 07:05:00
2020-06-25 16:36:37,779 Grain Analysis Market Trajectory & Analytics 2020-2027 with COVID-19 Revised Forecasts - ResearchAndMarkets.com
2020-06-25 16:36:37,780 checking for value in last run
2020-06-25 16:36:37,840 Buss:Found Article
2020-06-25 16:36:53,569 Buss:Searching keyword
2020-06-25 16:36:53,575 Buss:Iterating...
2020-06-25 16:36:54,437 news_date
2020-06-25 16:36:54,438 2020-06-25 07:00:00
2020-06-25 16:36:54,633 Olea Edge Analytics Releases EdgeWorks Platform 2.0, the Fastest, Most Accurate Way to Monitor Water Meter Performance
2020-06-25 16:36:54,633 checking for value in last run
2020-06-25 16:36:54,777 Buss:Found Article
2020-06-25 16:37:10,665 Buss:Searching keyword
2020-06-25 16:37:10,665 Buss:Iterating...
2020-06-25 16:37:11,144 news_date
2020-06-25 16:37:11,145 2020-06-25 07:00:00
2020-06-25 16:37:11,380 SignUpGenius Joins Technology Leaders to Launch New Group Management Platform
2020-06-25 16:37:11,385 checking for value in last run
2020-06-25 16:37:11,533 Buss:Found Article
2020-06-25 16:37:33,420 Buss:Searching keyword
2020-06-25 16:37:33,424 Buss:Iterating...
2020-06-25 16:37:34,323 news_date
2020-06-25 16:37:34,324 2020-06-25 07:00:00
2020-06-25 16:37:34,480 American Girl Announces Exclusive Team USA Collection as Part of Inspiring Summer Lineup
2020-06-25 16:37:34,507 checking for value in last run
2020-06-25 16:37:34,619 Buss:Found Article
2020-06-25 16:37:46,272 Executing finally bllock
2020-06-25 16:50:07,079 Buss:Scrapping...
2020-06-25 16:50:08,239 Executing finally bllock
2020-06-25 16:50:26,626 Buss:Scrapping...
2020-06-25 16:50:35,621 Buss:Iterating 3pages
2020-06-25 16:50:35,621 Buss:Reading txt tile
2020-06-25 16:50:35,621 1
2020-06-25 16:50:35,700 Buss:Iterating Article
2020-06-25 16:50:35,700 Buss:Iterating...
2020-06-25 16:50:35,776 news_date
2020-06-25 16:50:35,776 2020-06-25 07:19:00
2020-06-25 16:50:35,803 So spannend wie ein Spielfilm! Das Video „Beppu, The Onsen Journey“ zeigt der ganzen Welt auf, wie die Thermalquellen von Beppu vor über 2,6 Millionen Jahren an diesem wunderbaren Ort entstanden sind
2020-06-25 16:50:35,803 checking for value in last run
2020-06-25 16:50:35,822 Buss:Found Article
2020-06-25 16:50:46,642 Buss:Searching keyword
2020-06-25 16:50:46,643 Buss:Iterating...
2020-06-25 16:50:46,723 news_date
2020-06-25 16:50:46,723 2020-06-25 07:19:00
2020-06-25 16:50:46,751 Global Diagnostic Imaging Partnering Terms and Agreements (2014 to 2020) - Comprehensive Access to Over 600 Actual Diagnostic Imaging Deals - ResearchAndMarkets.com
2020-06-25 16:50:46,752 checking for value in last run
2020-06-25 16:50:46,770 Buss:Found Article
2020-06-25 16:50:49,734 Buss:Searching keyword
2020-06-25 16:50:49,735 Buss:Iterating...
2020-06-25 16:50:49,812 news_date
2020-06-25 16:50:49,812 2020-06-25 07:16:00
2020-06-25 16:50:49,841 GMO Testing Market Assessment 2020-2027: Growth Deviations Resulting from the COVID-19 Pandemic - ResearchAndMarkets.com
2020-06-25 16:50:49,841 checking for value in last run
2020-06-25 16:50:49,858 Buss:Found Article
2020-06-25 16:50:52,472 Buss:Searching keyword
2020-06-25 16:50:52,473 Buss:Iterating...
2020-06-25 16:50:52,540 news_date
2020-06-25 16:50:52,541 2020-06-25 07:11:00
2020-06-25 16:50:52,566 Global Methanol Industry 2020 and the Impact of COVID-19 - ResearchAndMarkets.com
2020-06-25 16:50:52,567 checking for value in last run
2020-06-25 16:50:52,585 Buss:Found Article
2020-06-25 16:50:53,668 Executing finally bllock
2020-06-25 17:43:19,659 Buss:Scrapping...
2020-06-25 17:43:26,336 Buss:Iterating 3pages
2020-06-25 17:43:26,336 Buss:Reading txt tile
2020-06-25 17:43:26,336 1
2020-06-25 17:43:26,415 Buss:Iterating Article
2020-06-25 17:43:26,416 Buss:Iterating...
2020-06-25 17:43:26,499 news_date
2020-06-25 17:43:26,499 2020-06-25 08:10:00
2020-06-25 17:43:26,527 Allied Motion Receives Award to Provide Vehicle Market Solution
2020-06-25 17:43:26,528 checking for value in last run
2020-06-25 17:43:26,546 Buss:Found Article
2020-06-25 17:43:30,679 Buss:Searching keyword
2020-06-25 17:43:30,679 Buss:Iterating...
2020-06-25 17:43:30,756 news_date
2020-06-25 17:43:30,757 2020-06-25 08:07:00
2020-06-25 17:43:30,783 UI Health, Chicago Medical Society and PhysIQ Collaborate to Protect Frontline COVID-19 Health Care Workers and High-Risk Patients with Advanced AI
2020-06-25 17:43:30,783 checking for value in last run
2020-06-25 17:43:30,798 Buss:Found Article
2020-06-25 17:43:35,453 Buss:Searching keyword
2020-06-25 17:43:35,453 Buss:Iterating...
2020-06-25 17:43:35,530 news_date
2020-06-25 17:43:35,530 2020-06-25 08:05:00
2020-06-25 17:43:35,559 HID Global Enables Employee Verification, Bolsters Security for Newmont’s Remote Polymetallic Mine in Mexico
2020-06-25 17:43:35,559 checking for value in last run
2020-06-25 17:43:35,576 Buss:Found Article
2020-06-25 17:43:37,865 Executing finally bllock
2020-06-25 17:43:45,980 Buss:Scrapping...
2020-06-25 17:43:51,577 Buss:Iterating 3pages
2020-06-25 17:43:51,577 Buss:Reading txt tile
2020-06-25 17:43:51,578 1
2020-06-25 17:43:51,659 Buss:Iterating Article
2020-06-25 17:43:51,660 Buss:Iterating...
2020-06-25 17:43:51,726 news_date
2020-06-25 17:43:51,726 2020-06-25 08:10:00
2020-06-25 17:43:51,754 Allied Motion Receives Award to Provide Vehicle Market Solution
2020-06-25 17:43:51,754 checking for value in last run
2020-06-25 17:43:51,774 Buss:Found Article
2020-06-25 17:43:55,104 Buss:Searching keyword
2020-06-25 17:43:55,104 Buss:Iterating...
2020-06-25 17:43:55,174 news_date
2020-06-25 17:43:55,174 2020-06-25 08:07:00
2020-06-25 17:43:55,202 UI Health, Chicago Medical Society and PhysIQ Collaborate to Protect Frontline COVID-19 Health Care Workers and High-Risk Patients with Advanced AI
2020-06-25 17:43:55,203 checking for value in last run
2020-06-25 17:43:55,221 Buss:Found Article
2020-06-25 17:44:00,715 Buss:Searching keyword
2020-06-25 17:44:00,716 Buss:Iterating...
2020-06-25 17:44:00,788 news_date
2020-06-25 17:44:00,788 2020-06-25 08:05:00
2020-06-25 17:44:00,812 HID Global Enables Employee Verification, Bolsters Security for Newmont’s Remote Polymetallic Mine in Mexico
2020-06-25 17:44:00,813 checking for value in last run
2020-06-25 17:44:00,831 Buss:Found Article
2020-06-25 17:44:04,231 Executing finally bllock
2020-06-25 17:44:07,435 Buss:Scrapping...
2020-06-25 17:44:12,911 Buss:Iterating 3pages
2020-06-25 17:44:12,911 Buss:Reading txt tile
2020-06-25 17:44:12,912 1
2020-06-25 17:44:12,985 Buss:Iterating Article
2020-06-25 17:44:12,985 Buss:Iterating...
2020-06-25 17:44:13,063 news_date
2020-06-25 17:44:13,063 2020-06-25 08:10:00
2020-06-25 17:44:13,091 Allied Motion Receives Award to Provide Vehicle Market Solution
2020-06-25 17:44:13,091 checking for value in last run
2020-06-25 17:44:13,105 Buss:Found Article
2020-06-25 17:44:16,962 Buss:Searching keyword
2020-06-25 17:44:16,963 Buss:Iterating...
2020-06-25 17:44:17,036 news_date
2020-06-25 17:44:17,036 2020-06-25 08:07:00
2020-06-25 17:44:17,058 UI Health, Chicago Medical Society and PhysIQ Collaborate to Protect Frontline COVID-19 Health Care Workers and High-Risk Patients with Advanced AI
2020-06-25 17:44:17,058 checking for value in last run
2020-06-25 17:44:17,074 Buss:Found Article
2020-06-25 17:44:21,508 Buss:Searching keyword
2020-06-25 17:44:21,510 Buss:Iterating...
2020-06-25 17:44:21,596 news_date
2020-06-25 17:44:21,597 2020-06-25 08:05:00
2020-06-25 17:44:21,626 HID Global Enables Employee Verification, Bolsters Security for Newmont’s Remote Polymetallic Mine in Mexico
2020-06-25 17:44:21,627 checking for value in last run
2020-06-25 17:44:21,644 Buss:Found Article
2020-06-25 17:44:24,881 Buss:Searching keyword
2020-06-25 17:44:24,882 Buss:Iterating...
2020-06-25 17:44:24,966 news_date
2020-06-25 17:44:24,966 2020-06-25 08:05:00
2020-06-25 17:44:24,992 SleepScore Labs Adds State of the Art Ebb® CoolDrift™ to Scientifically Validated Collection of Sleep Solutions
2020-06-25 17:44:24,993 checking for value in last run
2020-06-25 17:44:25,014 Buss:Found Article
2020-06-25 17:44:27,906 Buss:Searching keyword
2020-06-25 17:44:27,907 Buss:Iterating...
2020-06-25 17:44:28,057 news_date
2020-06-25 17:44:28,057 2020-06-25 08:05:00
2020-06-25 17:44:28,098 PhotoShelter Launches New Branding Alongside Cutting-Edge Customer-Driven Innovations
2020-06-25 17:44:28,099 checking for value in last run
2020-06-25 17:44:28,120 Buss:Found Article
2020-06-25 17:44:32,325 Buss:Searching keyword
2020-06-25 17:44:32,325 Buss:Iterating...
2020-06-25 17:44:32,433 news_date
2020-06-25 17:44:32,434 2020-06-25 08:05:00
2020-06-25 17:44:32,466 IFF to Hold Sustainability Webcast on June 30, 2020
2020-06-25 17:44:32,466 checking for value in last run
2020-06-25 17:44:32,490 Buss:Found Article
2020-06-25 17:44:36,245 Buss:Searching keyword
2020-06-25 17:44:36,246 Buss:Iterating...
2020-06-25 17:44:36,378 news_date
2020-06-25 17:44:36,379 2020-06-25 08:05:00
2020-06-25 17:44:36,423 Worldwide High Voltage Equipment Industry to 2027 - Impact of COVID-19 on the Market - ResearchAndMarkets.com
2020-06-25 17:44:36,424 checking for value in last run
2020-06-25 17:44:36,452 Buss:Found Article
2020-06-25 17:44:39,714 Executing finally bllock
2020-06-25 17:44:48,760 Buss:Scrapping...
2020-06-25 17:44:53,183 Buss:Iterating 3pages
2020-06-25 17:44:53,184 Buss:Reading txt tile
2020-06-25 17:44:53,184 1
2020-06-25 17:44:53,260 Buss:Iterating Article
2020-06-25 17:44:53,260 Buss:Iterating...
2020-06-25 17:44:53,382 news_date
2020-06-25 17:44:53,383 2020-06-25 08:10:00
2020-06-25 17:44:53,419 Allied Motion Receives Award to Provide Vehicle Market Solution
2020-06-25 17:44:53,419 checking for value in last run
2020-06-25 17:44:53,439 Buss:Found Article
2020-06-25 17:44:56,197 Buss:Searching keyword
2020-06-25 17:44:56,198 Buss:Iterating...
2020-06-25 17:44:56,280 news_date
2020-06-25 17:44:56,280 2020-06-25 08:07:00
2020-06-25 17:44:56,319 UI Health, Chicago Medical Society and PhysIQ Collaborate to Protect Frontline COVID-19 Health Care Workers and High-Risk Patients with Advanced AI
2020-06-25 17:44:56,319 checking for value in last run
2020-06-25 17:44:56,343 Buss:Found Article
2020-06-25 17:45:03,146 Buss:Searching keyword
2020-06-25 17:45:03,147 Buss:Iterating...
2020-06-25 17:45:03,292 news_date
2020-06-25 17:45:03,293 2020-06-25 08:05:00
2020-06-25 17:45:03,336 HID Global Enables Employee Verification, Bolsters Security for Newmont’s Remote Polymetallic Mine in Mexico
2020-06-25 17:45:03,336 checking for value in last run
2020-06-25 17:45:03,364 Buss:Found Article
2020-06-25 17:45:07,750 Buss:Searching keyword
2020-06-25 17:45:07,751 Buss:Iterating...
2020-06-25 17:45:08,107 news_date
2020-06-25 17:45:08,108 2020-06-25 08:05:00
2020-06-25 17:45:08,174 SleepScore Labs Adds State of the Art Ebb® CoolDrift™ to Scientifically Validated Collection of Sleep Solutions
2020-06-25 17:45:08,175 checking for value in last run
2020-06-25 17:45:08,200 Buss:Found Article
2020-06-25 17:45:09,316 Executing finally bllock
2020-06-25 17:45:16,288 Buss:Scrapping...
2020-06-25 17:45:21,555 Buss:Iterating 3pages
2020-06-25 17:45:21,555 Buss:Reading txt tile
2020-06-25 17:45:21,556 1
2020-06-25 17:45:21,660 Buss:Iterating Article
2020-06-25 17:45:21,661 Buss:Iterating...
2020-06-25 17:45:21,771 news_date
2020-06-25 17:45:21,771 2020-06-25 08:14:00
2020-06-25 17:45:21,809 2020 Insights into the Worldwide Ammonium Sulphate Market - COVID-19 Impact Estimation - ResearchAndMarkets.com
2020-06-25 17:45:21,810 checking for value in last run
2020-06-25 17:45:21,831 Buss:Found Article
2020-06-25 17:45:25,323 Buss:Searching keyword
2020-06-25 17:45:25,324 Buss:Iterating...
2020-06-25 17:45:25,404 news_date
2020-06-25 17:45:25,404 2020-06-25 08:10:00
2020-06-25 17:45:25,432 Allied Motion Receives Award to Provide Vehicle Market Solution
2020-06-25 17:45:25,433 checking for value in last run
2020-06-25 17:45:25,454 Buss:Found Article
2020-06-25 17:45:28,368 Buss:Searching keyword
2020-06-25 17:45:28,369 Buss:Iterating...
2020-06-25 17:45:28,466 news_date
2020-06-25 17:45:28,466 2020-06-25 08:07:00
2020-06-25 17:45:28,505 UI Health, Chicago Medical Society and PhysIQ Collaborate to Protect Frontline COVID-19 Health Care Workers and High-Risk Patients with Advanced AI
2020-06-25 17:45:28,505 checking for value in last run
2020-06-25 17:45:28,529 Buss:Found Article
2020-06-25 17:45:35,971 Buss:Searching keyword
2020-06-25 17:45:35,972 Buss:Iterating...
2020-06-25 17:45:36,065 news_date
2020-06-25 17:45:36,065 2020-06-25 08:05:00
2020-06-25 17:45:36,094 HID Global Enables Employee Verification, Bolsters Security for Newmont’s Remote Polymetallic Mine in Mexico
2020-06-25 17:45:36,094 Buss:No More Articles
2020-06-25 17:45:36,218 Executing finally bllock
2020-06-25 19:18:40,232 Newsroom : Scrapping..
2020-06-25 19:18:44,620 Executing finally bllock
2020-06-25 19:20:21,409 Newsroom : Scrapping..
2020-06-25 19:20:28,105 News:Reading txt tile
2020-06-25 19:20:28,106 Newsroom : Opening Website
2020-06-25 19:20:28,211 Newsroom : Iterating Article
2020-06-25 19:20:28,212 Iterating...
2020-06-25 19:20:28,310 2020-06-25 09:45:00
2020-06-25 19:20:28,335 Executing finally bllock
2020-06-25 19:20:28,335 checking for value in last run
2020-06-25 19:20:28,352 Newsroom : Article Found
2020-06-25 19:20:28,378 Newsroom : Opening Tab
2020-06-25 19:20:32,257 Newsroom : Searching for keyword
2020-06-25 19:20:32,257 Iterating...
2020-06-25 19:20:32,363 2020-06-25 09:30:00
2020-06-25 19:20:32,386 Executing finally bllock
2020-06-25 19:20:32,386 checking for value in last run
2020-06-25 19:20:32,405 Newsroom : Article Found
2020-06-25 19:20:32,438 Newsroom : Opening Tab
2020-06-25 19:20:36,719 Newsroom : Searching for keyword
2020-06-25 19:20:36,720 Iterating...
2020-06-25 19:20:36,823 2020-06-25 09:30:00
2020-06-25 19:20:36,851 Executing finally bllock
2020-06-25 19:20:36,852 checking for value in last run
2020-06-25 19:20:36,864 Newsroom : Article Found
2020-06-25 19:20:36,893 Newsroom : Opening Tab
2020-06-25 19:20:39,446 Newsroom : Searching for keyword
2020-06-25 19:20:39,446 Iterating...
2020-06-25 19:20:39,549 2020-06-25 09:30:00
2020-06-25 19:20:39,571 Executing finally bllock
2020-06-25 19:20:39,572 checking for value in last run
2020-06-25 19:20:39,584 Newsroom : Article Found
2020-06-25 19:20:39,616 Newsroom : Opening Tab
2020-06-25 19:20:45,114 Newsroom : Searching for keyword
2020-06-25 19:20:45,114 Iterating...
2020-06-25 19:20:45,211 2020-06-25 09:25:00
2020-06-25 19:20:45,233 Executing finally bllock
2020-06-25 19:20:45,233 checking for value in last run
2020-06-25 19:20:45,249 Newsroom : Article Found
2020-06-25 19:20:45,276 Newsroom : Opening Tab
2020-06-25 19:20:47,181 Newsroom : Searching for keyword
2020-06-25 19:20:47,181 Iterating...
2020-06-25 19:20:47,281 2020-06-25 09:25:00
2020-06-25 19:20:47,306 Executing finally bllock
2020-06-25 19:20:47,306 checking for value in last run
2020-06-25 19:20:47,323 Newsroom : Article Found
2020-06-25 19:20:47,353 Newsroom : Opening Tab
2020-06-25 19:20:49,981 Newsroom : Searching for keyword
2020-06-25 19:20:49,981 Iterating...
2020-06-25 19:20:50,080 2020-06-25 09:15:00
2020-06-25 19:20:50,107 Executing finally bllock
2020-06-25 19:20:50,108 checking for value in last run
2020-06-25 19:20:50,120 Newsroom : Article Found
2020-06-25 19:20:50,152 Newsroom : Opening Tab
2020-06-25 19:20:54,347 Newsroom : Searching for keyword
2020-06-25 19:20:54,348 Iterating...
2020-06-25 19:20:54,447 2020-06-25 09:15:00
2020-06-25 19:20:54,474 Executing finally bllock
2020-06-25 19:20:54,475 checking for value in last run
2020-06-25 19:20:54,492 Newsroom : Article Found
2020-06-25 19:20:54,517 Newsroom : Opening Tab
2020-06-25 19:20:57,138 Newsroom : Searching for keyword
2020-06-25 19:20:57,138 Iterating...
2020-06-25 19:20:57,247 2020-06-25 09:00:00
2020-06-25 19:20:57,273 Executing finally bllock
2020-06-25 19:20:57,273 checking for value in last run
2020-06-25 19:20:57,298 Newsroom : Article Found
2020-06-25 19:20:57,327 Newsroom : Opening Tab
2020-06-25 19:21:01,023 Newsroom : Searching for keyword
2020-06-25 19:21:01,024 Iterating...
2020-06-25 19:21:01,123 2020-06-25 09:00:00
2020-06-25 19:21:01,152 Executing finally bllock
2020-06-25 19:21:01,152 checking for value in last run
2020-06-25 19:21:01,170 Newsroom : Article Found
2020-06-25 19:21:01,201 Newsroom : Opening Tab
2020-06-25 19:21:04,923 Newsroom : Searching for keyword
2020-06-25 19:21:04,924 Iterating...
2020-06-25 19:21:05,023 2020-06-25 09:00:00
2020-06-25 19:21:05,055 Executing finally bllock
2020-06-25 19:21:05,055 checking for value in last run
2020-06-25 19:21:05,071 Newsroom : Article Found
2020-06-25 19:21:05,095 Newsroom : Opening Tab
2020-06-25 19:21:09,306 Newsroom : Searching for keyword
2020-06-25 19:21:09,306 Iterating...
2020-06-25 19:21:09,396 2020-06-25 09:00:00
2020-06-25 19:21:09,421 Executing finally bllock
2020-06-25 19:21:09,421 checking for value in last run
2020-06-25 19:21:09,438 Newsroom : Article Found
2020-06-25 19:21:09,466 Newsroom : Opening Tab
2020-06-25 19:21:13,091 Newsroom : Searching for keyword
2020-06-25 19:21:13,091 Iterating...
2020-06-25 19:21:13,191 2020-06-25 09:00:00
2020-06-25 19:21:13,216 Executing finally bllock
2020-06-25 19:21:13,217 checking for value in last run
2020-06-25 19:21:13,230 Newsroom : Article Found
2020-06-25 19:21:13,261 Newsroom : Opening Tab
2020-06-25 19:21:14,788 Newsroom : Searching for keyword
2020-06-25 19:21:14,788 Iterating...
2020-06-25 19:21:14,884 2020-06-25 09:00:00
2020-06-25 19:21:14,905 Executing finally bllock
2020-06-25 19:21:14,905 checking for value in last run
2020-06-25 19:21:14,918 Newsroom : Article Found
2020-06-25 19:21:14,943 Newsroom : Opening Tab
2020-06-25 19:21:15,905 Executing finally bllock
